#
# A fatal error has been detected by the Java Runtime Environment:
#
#  EXCEPTION_ACCESS_VIOLATION (0xc0000005) at pc=0x5012e4f3, pid=6048, tid=5908
#
# JRE version: Java(TM) SE Runtime Environment (7.0_71-b14) (build 1.7.0_71-b14)
# Java VM: Java HotSpot(TM) Client VM (24.71-b01 mixed mode, sharing windows-x86 )
# Problematic frame:
# V  [jvm.dll+0x8e4f3]
#
# Failed to write core dump. Minidumps are not enabled by default on client versions of Windows
#
# If you would like to submit a bug report, please visit:
#   http://bugreport.sun.com/bugreport/crash.jsp
#

---------------  T H R E A D  ---------------

Current thread (0x012a0000):  VMThread [stack: 0x038d0000,0x03920000] [id=5908]

siginfo: ExceptionCode=0xc0000005, reading address 0x0000000c

Registers:
EAX=0x00000000, EBX=0x0391f1bc, ECX=0x00000000, EDX=0x3ffffffe
ESP=0x0391f16c, EBP=0x0391f194, ESI=0x30187720, EDI=0x301f8008
EIP=0x5012e4f3, EFLAGS=0x00010293

Top of Stack: (sp=0x0391f16c)
0x0391f16c:   012887a8 0391f1bc 0129da00 012887a8
0x0391f17c:   370eb3b8 3004efe0 30187720 2d1c9a98
0x0391f18c:   00000000 2d1ccfd8 0391f1a8 50127822
0x0391f19c:   0391f1bc 01282f80 01288690 0391f1c8
0x0391f1ac:   50125e10 0391f1bc 01282f80 012888a8
0x0391f1bc:   01288690 012887a8 2d1cd000 0391f204
0x0391f1cc:   50128bf9 00000001 01282f80 50351ebc
0x0391f1dc:   01280100 01289f00 2c6337ac 2c63d8c3 

Instructions: (pc=0x5012e4f3)
0x5012e4d3:   53 57 56 ff d2 8d 34 be 89 45 fc 89 75 f0 e9 f3
0x5012e4e3:   00 00 00 8b fe eb 06 8d 9b 00 00 00 00 8b 4f 04
0x5012e4f3:   8b 41 0c 83 c1 08 85 c0 7e 09 a8 01 75 33 c1 f8
0x5012e503:   02 eb 36 79 2c 8b 5f 08 8b 15 bc d1 3c 50 8b c8 


Register to memory mapping:

EAX=0x00000000 is an unknown value
EBX=0x0391f1bc is an unknown value
ECX=0x00000000 is an unknown value
EDX=0x3ffffffe is an unknown value
ESP=0x0391f16c is an unknown value
EBP=0x0391f194 is an unknown value
ESI=
[error occurred during error reporting (printing register info), id 0xc0000005]

Stack: [0x038d0000,0x03920000],  sp=0x0391f16c,  free space=316k
Native frames: (J=compiled Java code, j=interpreted, Vv=VM code, C=native code)
V  [jvm.dll+0x8e4f3]
V  [jvm.dll+0x87822]
V  [jvm.dll+0x85e10]
V  [jvm.dll+0x88bf9]
V  [jvm.dll+0x89269]
V  [jvm.dll+0x87dcf]
V  [jvm.dll+0x8f6e3]
V  [jvm.dll+0x867b9]
V  [jvm.dll+0x7d2a3]
V  [jvm.dll+0x19f5e6]
V  [jvm.dll+0x1690eb]
V  [jvm.dll+0x1684b1]
V  [jvm.dll+0x1688c7]
V  [jvm.dll+0x168ac2]
V  [jvm.dll+0x1a80f9]
C  [msvcr100.dll+0x5c556]
C  [msvcr100.dll+0x5c600]
C  [kernel32.dll+0x51174]
C  [ntdll.dll+0x5b3f5]
C  [ntdll.dll+0x5b3c8]

VM_Operation (0x018bf508): GenCollectForAllocation, mode: safepoint, requested by thread 0x0116c800


---------------  P R O C E S S  ---------------

Java Threads: ( => current thread )
  0x03ecb400 JavaThread "TimerQueue" daemon [_thread_blocked, id=5028, stack(0x061a0000,0x061f0000)]
  0x03e8bc00 JavaThread "Swing-Shell" daemon [_thread_blocked, id=2952, stack(0x05580000,0x055d0000)]
  0x03e3d000 JavaThread "AWT-Windows" daemon [_thread_in_native, id=6016, stack(0x053a0000,0x053f0000)]
  0x03e5c800 JavaThread "Java2D Disposer" daemon [_thread_blocked, id=3380, stack(0x05410000,0x05460000)]
  0x01319400 JavaThread "Service Thread" daemon [_thread_blocked, id=4144, stack(0x03cc0000,0x03d10000)]
  0x01313c00 JavaThread "C1 CompilerThread0" daemon [_thread_blocked, id=3900, stack(0x03b40000,0x03b90000)]
  0x01312800 JavaThread "Attach Listener" daemon [_thread_blocked, id=5288, stack(0x03aa0000,0x03af0000)]
  0x012a8400 JavaThread "Signal Dispatcher" daemon [_thread_blocked, id=1472, stack(0x03ba0000,0x03bf0000)]
  0x012a6800 JavaThread "Finalizer" daemon [_thread_blocked, id=2920, stack(0x03950000,0x039a0000)]
  0x012a1800 JavaThread "Reference Handler" daemon [_thread_blocked, id=6020, stack(0x039b0000,0x03a00000)]
  0x0116c800 JavaThread "main" [_thread_blocked, id=5580, stack(0x01870000,0x018c0000)]

Other Threads:
=>0x012a0000 VMThread [stack: 0x038d0000,0x03920000] [id=5908]
  0x01334400 WatcherThread [stack: 0x03a30000,0x03a80000] [id=3948]

VM state:at safepoint (normal execution)

VM Mutex/Monitor currently owned by a thread:  ([mutex/lock_event])
[0x0116ac40] Threads_lock - owner thread: 0x012a0000
[0x0116b050] Heap_lock - owner thread: 0x0116c800

Heap
 def new generation   total 78656K, used 75535K [0x27200000, 0x2c750000, 0x2c750000)
  eden space 69952K, 100% used [0x27200000, 0x2b650000, 0x2b650000)
  from space 8704K,  64% used [0x2bed0000, 0x2c443ea8, 0x2c750000)
  to   space 8704K,   0% used [0x2b650000, 0x2b650000, 0x2bed0000)
 tenured generation   total 174784K, used 173676K [0x2c750000, 0x37200000, 0x37200000)
   the space 174784K,  99% used [0x2c750000, 0x370eb3b8, 0x2d1cd000, 0x37200000)
 compacting perm gen  total 12288K, used 3210K [0x37200000, 0x37e00000, 0x3b200000)
   the space 12288K,  26% used [0x37200000, 0x37522980, 0x37522a00, 0x37e00000)
    ro space 10240K,  42% used [0x3b200000, 0x3b634e48, 0x3b635000, 0x3bc00000)
    rw space 12288K,  51% used [0x3bc00000, 0x3c23aac0, 0x3c23ac00, 0x3c800000)

Card table byte_map: [0x01370000,0x01420000] byte_map_base: 0x01237000

Polling page: 0x00190000

Code Cache  [0x018c0000, 0x01b08000, 0x038c0000)
 total_blobs=1316 nmethods=1089 adapters=163 free_code_cache=30432Kb largest_free_block=31162368

Compilation events (10 events):
Event: 485.511 Thread 0x01313c00 1093 % !         csulb.edu.SearchEngine.Classes.IndexWriter::buildPostingsFile @ 84 (486 bytes)
Event: 485.523 Thread 0x01313c00 nmethod 1093% 0x01ae5c88 code [0x01ae6370, 0x01ae9f7c]
Event: 485.720 Thread 0x01313c00 1094 % !         csulb.edu.SearchEngine.Classes.IndexWriter::buildPostingsFile @ 297 (486 bytes)
Event: 485.732 Thread 0x01313c00 nmethod 1094% 0x01af0e48 code [0x01af1530, 0x01af549c]
Event: 485.879 Thread 0x01313c00 1095             java.nio.Bits::putLong (21 bytes)
Event: 485.880 Thread 0x01313c00 nmethod 1095 0x01afc648 code [0x01afc750, 0x01afc808]
Event: 485.936 Thread 0x01313c00 1096             java.nio.HeapByteBuffer::putLong (21 bytes)
Event: 485.936 Thread 0x01313c00 nmethod 1096 0x01afc888 code [0x01afc9a0, 0x01afcaa4]
Event: 485.941 Thread 0x01313c00 1097 % !         csulb.edu.SearchEngine.Classes.IndexWriter::buildPostingsFile @ 210 (486 bytes)
Event: 485.954 Thread 0x01313c00 nmethod 1097% 0x01afcb88 code [0x01afd270, 0x01b0100c]

GC Heap History (10 events):
Event: 497.536 GC heap after
Heap after GC invocations=526 (full 8):
 def new generation   total 78656K, used 4160K [0x27200000, 0x2c750000, 0x2c750000)
  eden space 69952K,   0% used [0x27200000, 0x27200000, 0x2b650000)
  from space 8704K,  47% used [0x2bed0000, 0x2c2e0288, 0x2c750000)
  to   space 8704K,   0% used [0x2b650000, 0x2b650000, 0x2bed0000)
 tenured generation   total 174784K, used 172378K [0x2c750000, 0x37200000, 0x37200000)
   the space 174784K,  98% used [0x2c750000, 0x36fa6960, 0x36fa6a00, 0x37200000)
 compacting perm gen  total 12288K, used 3210K [0x37200000, 0x37e00000, 0x3b200000)
   the space 12288K,  26% used [0x37200000, 0x37522980, 0x37522a00, 0x37e00000)
    ro space 10240K,  42% used [0x3b200000, 0x3b634e48, 0x3b635000, 0x3bc00000)
    rw space 12288K,  51% used [0x3bc00000, 0x3c23aac0, 0x3c23ac00, 0x3c800000)
}
Event: 510.083 GC heap before
{Heap before GC invocations=526 (full 8):
 def new generation   total 78656K, used 74112K [0x27200000, 0x2c750000, 0x2c750000)
  eden space 69952K, 100% used [0x27200000, 0x2b650000, 0x2b650000)
  from space 8704K,  47% used [0x2bed0000, 0x2c2e0288, 0x2c750000)
  to   space 8704K,   0% used [0x2b650000, 0x2b650000, 0x2bed0000)
 tenured generation   total 174784K, used 172378K [0x2c750000, 0x37200000, 0x37200000)
   the space 174784K,  98% used [0x2c750000, 0x36fa6960, 0x36fa6a00, 0x37200000)
 compacting perm gen  total 12288K, used 3210K [0x37200000, 0x37e00000, 0x3b200000)
   the space 12288K,  26% used [0x37200000, 0x37522980, 0x37522a00, 0x37e00000)
    ro space 10240K,  42% used [0x3b200000, 0x3b634e48, 0x3b635000, 0x3bc00000)
    rw space 12288K,  51% used [0x3bc00000, 0x3c23aac0, 0x3c23ac00, 0x3c800000)
Event: 510.113 GC heap after
Heap after GC invocations=527 (full 8):
 def new generation   total 78656K, used 4234K [0x27200000, 0x2c750000, 0x2c750000)
  eden space 69952K,   0% used [0x27200000, 0x27200000, 0x2b650000)
  from space 8704K,  48% used [0x2b650000, 0x2ba72af8, 0x2bed0000)
  to   space 8704K,   0% used [0x2bed0000, 0x2bed0000, 0x2c750000)
 tenured generation   total 174784K, used 172378K [0x2c750000, 0x37200000, 0x37200000)
   the space 174784K,  98% used [0x2c750000, 0x36fa6960, 0x36fa6a00, 0x37200000)
 compacting perm gen  total 12288K, used 3210K [0x37200000, 0x37e00000, 0x3b200000)
   the space 12288K,  26% used [0x37200000, 0x37522980, 0x37522a00, 0x37e00000)
    ro space 10240K,  42% used [0x3b200000, 0x3b634e48, 0x3b635000, 0x3bc00000)
    rw space 12288K,  51% used [0x3bc00000, 0x3c23aac0, 0x3c23ac00, 0x3c800000)
}
Event: 522.534 GC heap before
{Heap before GC invocations=527 (full 8):
 def new generation   total 78656K, used 74186K [0x27200000, 0x2c750000, 0x2c750000)
  eden space 69952K, 100% used [0x27200000, 0x2b650000, 0x2b650000)
  from space 8704K,  48% used [0x2b650000, 0x2ba72af8, 0x2bed0000)
  to   space 8704K,   0% used [0x2bed0000, 0x2bed0000, 0x2c750000)
 tenured generation   total 174784K, used 172378K [0x2c750000, 0x37200000, 0x37200000)
   the space 174784K,  98% used [0x2c750000, 0x36fa6960, 0x36fa6a00, 0x37200000)
 compacting perm gen  total 12288K, used 3210K [0x37200000, 0x37e00000, 0x3b200000)
   the space 12288K,  26% used [0x37200000, 0x37522980, 0x37522a00, 0x37e00000)
    ro space 10240K,  42% used [0x3b200000, 0x3b634e48, 0x3b635000, 0x3bc00000)
    rw space 12288K,  51% used [0x3bc00000, 0x3c23aac0, 0x3c23ac00, 0x3c800000)
Event: 522.569 GC heap after
Heap after GC invocations=528 (full 8):
 def new generation   total 78656K, used 4320K [0x27200000, 0x2c750000, 0x2c750000)
  eden space 69952K,   0% used [0x27200000, 0x27200000, 0x2b650000)
  from space 8704K,  49% used [0x2bed0000, 0x2c308258, 0x2c750000)
  to   space 8704K,   0% used [0x2b650000, 0x2b650000, 0x2bed0000)
 tenured generation   total 174784K, used 172378K [0x2c750000, 0x37200000, 0x37200000)
   the space 174784K,  98% used [0x2c750000, 0x36fa6960, 0x36fa6a00, 0x37200000)
 compacting perm gen  total 12288K, used 3210K [0x37200000, 0x37e00000, 0x3b200000)
   the space 12288K,  26% used [0x37200000, 0x37522980, 0x37522a00, 0x37e00000)
    ro space 10240K,  42% used [0x3b200000, 0x3b634e48, 0x3b635000, 0x3bc00000)
    rw space 12288K,  51% used [0x3bc00000, 0x3c23aac0, 0x3c23ac00, 0x3c800000)
}
Event: 544.049 GC heap before
{Heap before GC invocations=528 (full 8):
 def new generation   total 78656K, used 74272K [0x27200000, 0x2c750000, 0x2c750000)
  eden space 69952K, 100% used [0x27200000, 0x2b650000, 0x2b650000)
  from space 8704K,  49% used [0x2bed0000, 0x2c308258, 0x2c750000)
  to   space 8704K,   0% used [0x2b650000, 0x2b650000, 0x2bed0000)
 tenured generation   total 174784K, used 172378K [0x2c750000, 0x37200000, 0x37200000)
   the space 174784K,  98% used [0x2c750000, 0x36fa6960, 0x36fa6a00, 0x37200000)
 compacting perm gen  total 12288K, used 3210K [0x37200000, 0x37e00000, 0x3b200000)
   the space 12288K,  26% used [0x37200000, 0x37522980, 0x37522a00, 0x37e00000)
    ro space 10240K,  42% used [0x3b200000, 0x3b634e48, 0x3b635000, 0x3bc00000)
    rw space 12288K,  51% used [0x3bc00000, 0x3c23aac0, 0x3c23ac00, 0x3c800000)
Event: 544.083 GC heap after
Heap after GC invocations=529 (full 8):
 def new generation   total 78656K, used 5303K [0x27200000, 0x2c750000, 0x2c750000)
  eden space 69952K,   0% used [0x27200000, 0x27200000, 0x2b650000)
  from space 8704K,  60% used [0x2b650000, 0x2bb7dc28, 0x2bed0000)
  to   space 8704K,   0% used [0x2bed0000, 0x2bed0000, 0x2c750000)
 tenured generation   total 174784K, used 172378K [0x2c750000, 0x37200000, 0x37200000)
   the space 174784K,  98% used [0x2c750000, 0x36fa6960, 0x36fa6a00, 0x37200000)
 compacting perm gen  total 12288K, used 3210K [0x37200000, 0x37e00000, 0x3b200000)
   the space 12288K,  26% used [0x37200000, 0x37522980, 0x37522a00, 0x37e00000)
    ro space 10240K,  42% used [0x3b200000, 0x3b634e48, 0x3b635000, 0x3bc00000)
    rw space 12288K,  51% used [0x3bc00000, 0x3c23aac0, 0x3c23ac00, 0x3c800000)
}
Event: 545.036 GC heap before
{Heap before GC invocations=529 (full 8):
 def new generation   total 78656K, used 75255K [0x27200000, 0x2c750000, 0x2c750000)
  eden space 69952K, 100% used [0x27200000, 0x2b650000, 0x2b650000)
  from space 8704K,  60% used [0x2b650000, 0x2bb7dc28, 0x2bed0000)
  to   space 8704K,   0% used [0x2bed0000, 0x2bed0000, 0x2c750000)
 tenured generation   total 174784K, used 172378K [0x2c750000, 0x37200000, 0x37200000)
   the space 174784K,  98% used [0x2c750000, 0x36fa6960, 0x36fa6a00, 0x37200000)
 compacting perm gen  total 12288K, used 3210K [0x37200000, 0x37e00000, 0x3b200000)
   the space 12288K,  26% used [0x37200000, 0x37522980, 0x37522a00, 0x37e00000)
    ro space 10240K,  42% used [0x3b200000, 0x3b634e48, 0x3b635000, 0x3bc00000)
    rw space 12288K,  51% used [0x3bc00000, 0x3c23aac0, 0x3c23ac00, 0x3c800000)
Event: 545.084 GC heap after
Heap after GC invocations=530 (full 8):
 def new generation   total 78656K, used 5583K [0x27200000, 0x2c750000, 0x2c750000)
  eden space 69952K,   0% used [0x27200000, 0x27200000, 0x2b650000)
  from space 8704K,  64% used [0x2bed0000, 0x2c443ea8, 0x2c750000)
  to   space 8704K,   0% used [0x2b650000, 0x2b650000, 0x2bed0000)
 tenured generation   total 174784K, used 173676K [0x2c750000, 0x37200000, 0x37200000)
   the space 174784K,  99% used [0x2c750000, 0x370eb3b8, 0x370eb400, 0x37200000)
 compacting perm gen  total 12288K, used 3210K [0x37200000, 0x37e00000, 0x3b200000)
   the space 12288K,  26% used [0x37200000, 0x37522980, 0x37522a00, 0x37e00000)
    ro space 10240K,  42% used [0x3b200000, 0x3b634e48, 0x3b635000, 0x3bc00000)
    rw space 12288K,  51% used [0x3bc00000, 0x3c23aac0, 0x3c23ac00, 0x3c800000)
}
Event: 546.052 GC heap before
{Heap before GC invocations=530 (full 8):
 def new generation   total 78656K, used 75535K [0x27200000, 0x2c750000, 0x2c750000)
  eden space 69952K, 100% used [0x27200000, 0x2b650000, 0x2b650000)
  from space 8704K,  64% used [0x2bed0000, 0x2c443ea8, 0x2c750000)
  to   space 8704K,   0% used [0x2b650000, 0x2b650000, 0x2bed0000)
 tenured generation   total 174784K, used 173676K [0x2c750000, 0x37200000, 0x37200000)
   the space 174784K,  99% used [0x2c750000, 0x370eb3b8, 0x370eb400, 0x37200000)
 compacting perm gen  total 12288K, used 3210K [0x37200000, 0x37e00000, 0x3b200000)
   the space 12288K,  26% used [0x37200000, 0x37522980, 0x37522a00, 0x37e00000)
    ro space 10240K,  42% used [0x3b200000, 0x3b634e48, 0x3b635000, 0x3bc00000)
    rw space 12288K,  51% used [0x3bc00000, 0x3c23aac0, 0x3c23ac00, 0x3c800000)

Deoptimization events (0 events):
No events

Internal exceptions (10 events):
Event: 306.372 Thread 0x0116c800 Threw 0x2b036b40 at C:\re\jdk7u71\1605\hotspot\src\share\vm\prims\jvm.cpp:1281
Event: 306.382 Thread 0x0116c800 Threw 0x2b03aa70 at C:\re\jdk7u71\1605\hotspot\src\share\vm\prims\jvm.cpp:1281
Event: 306.386 Thread 0x0116c800 Threw 0x2b03faf0 at C:\re\jdk7u71\1605\hotspot\src\share\vm\prims\jvm.cpp:1281
Event: 318.620 Thread 0x0116c800 Threw 0x2b0c1210 at C:\re\jdk7u71\1605\hotspot\src\share\vm\prims\jvm.cpp:1281
Event: 318.622 Thread 0x0116c800 Threw 0x2b0c53f0 at C:\re\jdk7u71\1605\hotspot\src\share\vm\prims\jvm.cpp:1281
Event: 318.625 Thread 0x0116c800 Threw 0x2b0cb9a0 at C:\re\jdk7u71\1605\hotspot\src\share\vm\prims\jvm.cpp:1281
Event: 318.629 Thread 0x0116c800 Threw 0x2b0e80c8 at C:\re\jdk7u71\1605\hotspot\src\share\vm\prims\jvm.cpp:1281
Event: 338.248 Thread 0x0116c800 Threw 0x273e2d78 at C:\re\jdk7u71\1605\hotspot\src\share\vm\prims\jvm.cpp:1281
Event: 344.220 Thread 0x0116c800 Threw 0x273e8348 at C:\re\jdk7u71\1605\hotspot\src\share\vm\prims\jvm.cpp:1281
Event: 532.996 Thread 0x0116c800 Threw 0x2ab52768 at C:\re\jdk7u71\1605\hotspot\src\share\vm\runtime\sharedRuntime.cpp:591

Events (10 events):
Event: 544.083 Executing VM operation: GenCollectForAllocation done
Event: 544.083 Executing VM operation: RevokeBias
Event: 544.083 Executing VM operation: RevokeBias done
Event: 544.155 Executing VM operation: RevokeBias
Event: 544.155 Executing VM operation: RevokeBias done
Event: 544.156 Executing VM operation: RevokeBias
Event: 544.156 Executing VM operation: RevokeBias done
Event: 545.036 Executing VM operation: GenCollectForAllocation
Event: 545.084 Executing VM operation: GenCollectForAllocation done
Event: 546.052 Executing VM operation: GenCollectForAllocation


Dynamic libraries:
0x010c0000 - 0x010ef000 	C:\Program Files\Java\jre7\bin\javaw.exe
0x77710000 - 0x7784c000 	C:\Windows\SYSTEM32\ntdll.dll
0x77290000 - 0x77364000 	C:\Windows\system32\kernel32.dll
0x75ae0000 - 0x75b2a000 	C:\Windows\system32\KERNELBASE.dll
0x75b60000 - 0x75c00000 	C:\Windows\system32\ADVAPI32.dll
0x76590000 - 0x7663c000 	C:\Windows\system32\msvcrt.dll
0x77860000 - 0x77879000 	C:\Windows\SYSTEM32\sechost.dll
0x76050000 - 0x760f1000 	C:\Windows\system32\RPCRT4.dll
0x75d60000 - 0x75e29000 	C:\Windows\system32\USER32.dll
0x76130000 - 0x7617e000 	C:\Windows\system32\GDI32.dll
0x76350000 - 0x7635a000 	C:\Windows\system32\LPK.dll
0x76180000 - 0x7621d000 	C:\Windows\system32\USP10.dll
0x74a90000 - 0x74c2e000 	C:\Windows\WinSxS\x86_microsoft.windows.common-controls_6595b64144ccf1df_6.0.7600.16385_none_421189da2b7fabfc\COMCTL32.dll
0x76360000 - 0x763b7000 	C:\Windows\system32\SHLWAPI.dll
0x778a0000 - 0x778bf000 	C:\Windows\system32\IMM32.DLL
0x76280000 - 0x7634c000 	C:\Windows\system32\MSCTF.dll
0x757b0000 - 0x75852000 	C:\Windows\system32\Scdetour.dll
0x0f000000 - 0x0f006000 	C:\Windows\system32\detoured.dll
0x77890000 - 0x77895000 	C:\Windows\system32\PSAPI.DLL
0x512f0000 - 0x513af000 	C:\Program Files\Java\jre7\bin\msvcr100.dll
0x500a0000 - 0x50429000 	C:\Program Files\Java\jre7\bin\client\jvm.dll
0x6ed10000 - 0x6ed17000 	C:\Windows\system32\WSOCK32.dll
0x76010000 - 0x76045000 	C:\Windows\system32\WS2_32.dll
0x77850000 - 0x77856000 	C:\Windows\system32\NSI.dll
0x73b60000 - 0x73b92000 	C:\Windows\system32\WINMM.dll
0x73f10000 - 0x73f1c000 	C:\Program Files\Java\jre7\bin\verify.dll
0x687a0000 - 0x687c0000 	C:\Program Files\Java\jre7\bin\java.dll
0x68c80000 - 0x68c93000 	C:\Program Files\Java\jre7\bin\zip.dll
0x686e0000 - 0x686f4000 	C:\Program Files\Java\jre7\bin\net.dll
0x75190000 - 0x751cc000 	C:\Windows\system32\mswsock.dll
0x75180000 - 0x75186000 	C:\Windows\System32\wship6.dll
0x68cd0000 - 0x68cdf000 	C:\Program Files\Java\jre7\bin\nio.dll
0x10000000 - 0x10070000 	C:\Users\K2U2\.swt\lib\win32\x86\swt-win32-4427.dll
0x75c00000 - 0x75d5c000 	C:\Windows\system32\ole32.dll
0x763c0000 - 0x7644f000 	C:\Windows\system32\OLEAUT32.dll
0x778c0000 - 0x7793b000 	C:\Windows\system32\comdlg32.dll
0x76640000 - 0x77289000 	C:\Windows\system32\SHELL32.dll
0x70e40000 - 0x70e91000 	C:\Windows\system32\WINSPOOL.DRV
0x75f10000 - 0x76004000 	C:\Windows\system32\WININET.dll
0x77880000 - 0x77883000 	C:\Windows\system32\Normaliz.dll
0x76450000 - 0x76585000 	C:\Windows\system32\urlmon.dll
0x759a0000 - 0x75abc000 	C:\Windows\system32\CRYPT32.dll
0x758d0000 - 0x758dc000 	C:\Windows\system32\MSASN1.dll
0x77370000 - 0x77569000 	C:\Windows\system32\iertutil.dll
0x742e0000 - 0x74320000 	C:\Windows\system32\uxtheme.dll
0x73ff0000 - 0x74003000 	C:\Windows\system32\dwmapi.dll
0x756b0000 - 0x756bc000 	C:\Windows\system32\CRYPTBASE.dll
0x51020000 - 0x51163000 	C:\Program Files\Java\jre7\bin\awt.dll
0x758e0000 - 0x75964000 	C:\Windows\WinSxS\x86_microsoft.windows.common-controls_6595b64144ccf1df_5.82.7600.16385_none_ebf82fc36c758ad5\comctl32.dll
0x5c560000 - 0x5c599000 	C:\Program Files\Java\jre7\bin\fontmanager.dll
0x5c320000 - 0x5c350000 	C:\Program Files\Java\jre7\bin\t2k.dll
0x77570000 - 0x7770d000 	C:\Windows\system32\SETUPAPI.dll
0x75970000 - 0x75997000 	C:\Windows\system32\CFGMGR32.dll
0x75ac0000 - 0x75ad2000 	C:\Windows\system32\DEVOBJ.dll
0x75e80000 - 0x75f03000 	C:\Windows\system32\CLBCatQ.DLL
0x74390000 - 0x74485000 	C:\Windows\system32\propsys.dll
0x74df0000 - 0x74e11000 	C:\Windows\system32\ntmarta.dll
0x75e30000 - 0x75e75000 	C:\Windows\system32\WLDAP32.dll
0x756f0000 - 0x7573b000 	C:\Windows\system32\apphelp.dll
0x64260000 - 0x643f8000 	C:\Windows\system32\NetworkExplorer.dll
0x658f0000 - 0x6591e000 	C:\Windows\System32\shdocvw.dll
0x75860000 - 0x7586b000 	C:\Windows\system32\profapi.dll
0x73900000 - 0x7390a000 	C:\Windows\system32\slc.dll
0x6eca0000 - 0x6ecb2000 	C:\Windows\system32\MPR.dll
0x72460000 - 0x72468000 	C:\Windows\System32\drprov.dll
0x756c0000 - 0x756e9000 	C:\Windows\System32\WINSTA.dll
0x722d0000 - 0x722e4000 	C:\Windows\System32\ntlanman.dll
0x71970000 - 0x71986000 	C:\Windows\System32\davclnt.dll
0x71960000 - 0x71968000 	C:\Windows\System32\DAVHLPR.dll
0x74cc0000 - 0x74ccf000 	C:\Windows\system32\wkscli.dll
0x6e070000 - 0x6e07b000 	C:\Windows\system32\cscapi.dll
0x74cd0000 - 0x74cd9000 	C:\Windows\system32\netutils.dll
0x059d0000 - 0x05c08000 	C:\Windows\system32\wpdshext.dll
0x74150000 - 0x742e0000 	C:\Windows\WinSxS\x86_microsoft.windows.gdiplus_6595b64144ccf1df_1.1.7600.16385_none_72fc7cbf861225ca\gdiplus.dll
0x67b80000 - 0x67c09000 	C:\Windows\system32\PortableDeviceApi.dll
0x75b30000 - 0x75b5d000 	C:\Windows\system32\WINTRUST.dll
0x5c2e0000 - 0x5c31f000 	C:\Windows\system32\audiodev.dll
0x05c10000 - 0x05e77000 	C:\Windows\system32\WMVCore.DLL
0x5aeb0000 - 0x5aeed000 	C:\Windows\system32\WMASF.DLL
0x5c3b0000 - 0x5c3e1000 	C:\Windows\system32\EhStorShell.dll
0x5ae80000 - 0x5aea2000 	C:\Windows\system32\EhStorAPI.dll
0x69200000 - 0x69209000 	C:\Windows\system32\LINKINFO.dll
0x73340000 - 0x7343b000 	C:\Windows\system32\WindowsCodecs.dll
0x66b20000 - 0x66cc8000 	C:\Program Files\Microsoft Office 15\root\Office15\GROOVEEX.DLL
0x669f0000 - 0x66a59000 	C:\Program Files\Microsoft Office 15\root\Office15\MSVCP100.dll
0x669c0000 - 0x669e6000 	C:\Program Files\Microsoft Office 15\root\Office15\ATL100.DLL
0x71220000 - 0x71460000 	C:\Windows\system32\msi.dll
0x65c40000 - 0x664bd000 	C:\Program Files\Microsoft Office 15\root\Office15\1033\GrooveIntlResource.dll
0x65c10000 - 0x65c33000 	C:\Users\K2U2\AppData\Roaming\Dropbox\bin\DropboxExt.24.dll
0x69410000 - 0x694fb000 	C:\Windows\system32\dbghelp.dll
0x6f760000 - 0x6f7ee000 	C:\Windows\WinSxS\x86_microsoft.vc90.crt_1fc8b3b9a1e18e3b_9.0.30729.4974_none_50940634bcb759cb\MSVCP90.dll
0x71510000 - 0x715b3000 	C:\Windows\WinSxS\x86_microsoft.vc90.crt_1fc8b3b9a1e18e3b_9.0.30729.4974_none_50940634bcb759cb\MSVCR90.dll
0x62020000 - 0x6208a000 	C:\Windows\System32\cscui.dll
0x64510000 - 0x64519000 	C:\Windows\System32\CSCDLL.dll
0x61fb0000 - 0x6201f000 	C:\Windows\system32\ntshrui.dll
0x75600000 - 0x75619000 	C:\Windows\system32\srvcli.dll

VM Arguments:
jvm_args: -Dfile.encoding=Cp1252 
java_command: edu.csulb.SearchEngine.Forms.MainPage
Launcher Type: SUN_STANDARD

Environment Variables:
CLASSPATH=D:\Keyur\CSULB\Java\Java Temp Prog
PATH=C:/Program Files/Java/jre1.8.0_25/bin/client;C:/Program Files/Java/jre1.8.0_25/bin;C:/Program Files/Java/jre1.8.0_25/lib/i386;C:\ProgramData\Oracle\Java\javapath;C:\oraclexe\app\oracle\product\11.2.0\server\bin;C:\Windows\system32;C:\Windows;C:\Windows\System32\Wbem;C:\Windows\System32\WindowsPowerShell\v1.0\;C:\Program Files\Microsoft SQL Server\100\Tools\Binn\;C:\Program Files\Microsoft SQL Server\100\DTS\Binn\;C:\Program Files\Microsoft SQL Server\100\Tools\Binn\VSShell\Common7\IDE\;C:\Program Files\Java\jdk1.7.0_40\bin\;C:\Program Files\Android\android-sdk\tools\;C:\Program Files\Android\android-sdk\platform-tools\;C:\Program Files\MySQL\MySQL Server 5.5\bin;C:\Program Files\nodejs\;C:\Users\K2U2\AppData\Roaming\npm;D:\Keyur\CSULB\Sem-3(Fall-2014)\Mobile application Developement\Soft\eclipse;
USERNAME=K2U2
OS=Windows_NT
PROCESSOR_IDENTIFIER=x86 Family 6 Model 15 Stepping 13, GenuineIntel



---------------  S Y S T E M  ---------------

OS: Windows 7 Build 7600 

CPU:total 2 (2 cores per cpu, 1 threads per core) family 6 model 15 stepping 13, cmov, cx8, fxsr, mmx, sse, sse2, sse3, ssse3, tsc

Memory: 4k page, physical 2087104k(131344k free), swap 4174208k(546504k free)

vm_info: Java HotSpot(TM) Client VM (24.71-b01) for windows-x86 JRE (1.7.0_71-b14), built on Sep 26 2014 16:30:49 by "java_re" with unknown MS VC++:1600

time: Sat Dec 13 19:29:54 2014
elapsed time: 546 seconds

